The system is: Linux - 3.11.0-12-generic - i686
Compiling the C compiler identification source file "CMakeCCompilerId.c" succeeded.
Compiler: /usr/bin/clang 
Build flags: 
Id flags: 

The output was:
0


Compilation of the C compiler identification source "CMakeCCompilerId.c" produced "a.out"

The C compiler identification is Clang, found in "/home/ics45c/projects/Stay/bin/CMakeFiles/2.8.11.2/CompilerIdC/a.out"

Compiling the CXX compiler identification source file "CMakeCXXCompilerId.cpp" succeeded.
Compiler: /usr/bin/clang++ 
Build flags: 
Id flags: 

The output was:
0


Compilation of the CXX compiler identification source "CMakeCXXCompilerId.cpp" produced "a.out"

The CXX compiler identification is Clang, found in "/home/ics45c/projects/Stay/bin/CMakeFiles/2.8.11.2/CompilerIdCXX/a.out"

Determining if the C compiler works passed with the following output:
Change Dir: /home/ics45c/projects/Stay/bin/CMakeFiles/CMakeTmp

Run Build Command:/usr/bin/make "cmTryCompileExec3812713503/fast"
/usr/bin/make -f CMakeFiles/cmTryCompileExec3812713503.dir/build.make CMakeFiles/cmTryCompileExec3812713503.dir/build
make[1]: Entering directory `/home/ics45c/projects/Stay/bin/CMakeFiles/CMakeTmp'
/usr/bin/cmake -E cmake_progress_report /home/ics45c/projects/Stay/bin/CMakeFiles/CMakeTmp/CMakeFiles 1
Building C object CMakeFiles/cmTryCompileExec3812713503.dir/testCCompiler.c.o
/usr/bin/clang    -o CMakeFiles/cmTryCompileExec3812713503.dir/testCCompiler.c.o   -c /home/ics45c/projects/Stay/bin/CMakeFiles/CMakeTmp/testCCompiler.c
Linking C executable cmTryCompileExec3812713503
/usr/bin/cmake -E cmake_link_script CMakeFiles/cmTryCompileExec3812713503.dir/link.txt --verbose=1
/usr/bin/clang         CMakeFiles/cmTryCompileExec3812713503.dir/testCCompiler.c.o  -o cmTryCompileExec3812713503 -rdynamic 
make[1]: Leaving directory `/home/ics45c/projects/Stay/bin/CMakeFiles/CMakeTmp'


Detecting C compiler ABI info compiled with the following output:
Change Dir: /home/ics45c/projects/Stay/bin/CMakeFiles/CMakeTmp

Run Build Command:/usr/bin/make "cmTryCompileExec452273365/fast"
/usr/bin/make -f CMakeFiles/cmTryCompileExec452273365.dir/build.make CMakeFiles/cmTryCompileExec452273365.dir/build
make[1]: Entering directory `/home/ics45c/projects/Stay/bin/CMakeFiles/CMakeTmp'
/usr/bin/cmake -E cmake_progress_report /home/ics45c/projects/Stay/bin/CMakeFiles/CMakeTmp/CMakeFiles 1
Building C object CMakeFiles/cmTryCompileExec452273365.dir/CMakeCCompilerABI.c.o
/usr/bin/clang    -o CMakeFiles/cmTryCompileExec452273365.dir/CMakeCCompilerABI.c.o   -c /usr/share/cmake-2.8/Modules/CMakeCCompilerABI.c
Linking C executable cmTryCompileExec452273365
/usr/bin/cmake -E cmake_link_script CMakeFiles/cmTryCompileExec452273365.dir/link.txt --verbose=1
/usr/bin/clang       -v CMakeFiles/cmTryCompileExec452273365.dir/CMakeCCompilerABI.c.o  -o cmTryCompileExec452273365 -rdynamic  
clang version 3.4 (tags/RELEASE_34/final 198836)
Target: i386-pc-linux-gnu
Thread model: posix
Found candidate GCC installation: /usr/bin/../lib/gcc/i686-linux-gnu/4.8
Found candidate GCC installation: /usr/bin/../lib/gcc/i686-linux-gnu/4.8.1
Found candidate GCC installation: /usr/lib/gcc/i686-linux-gnu/4.8
Found candidate GCC installation: /usr/lib/gcc/i686-linux-gnu/4.8.1
Selected GCC installation: /usr/bin/../lib/gcc/i686-linux-gnu/4.8
 "/usr/bin/ld" -export-dynamic -z relro --hash-style=gnu --build-id --eh-frame-hdr -m elf_i386 -dynamic-linker /lib/ld-linux.so.2 -o cmTryCompileExec452273365 /usr/bin/../lib/gcc/i686-linux-gnu/4.8/../../../i386-linux-gnu/crt1.o /usr/bin/../lib/gcc/i686-linux-gnu/4.8/../../../i386-linux-gnu/crti.o /usr/bin/../lib/gcc/i686-linux-gnu/4.8/crtbegin.o -L/usr/bin/../lib/gcc/i686-linux-gnu/4.8 -L/usr/bin/../lib/gcc/i686-linux-gnu/4.8/../../../i386-linux-gnu -L/lib/i386-linux-gnu -L/usr/lib/i386-linux-gnu -L/usr/bin/../lib/gcc/i686-linux-gnu/4.8/../../.. -L/lib -L/usr/lib CMakeFiles/cmTryCompileExec452273365.dir/CMakeCCompilerABI.c.o -lgcc --as-needed -lgcc_s --no-as-needed -lc -lgcc --as-needed -lgcc_s --no-as-needed /usr/bin/../lib/gcc/i686-linux-gnu/4.8/crtend.o /usr/bin/../lib/gcc/i686-linux-gnu/4.8/../../../i386-linux-gnu/crtn.o
make[1]: Leaving directory `/home/ics45c/projects/Stay/bin/CMakeFiles/CMakeTmp'


Parsed C implicit link information from above output:
  link line regex: [^( *|.*[/\])(ld|ld|collect2)[^/\]*( |$)]
  ignore line: [Change Dir: /home/ics45c/projects/Stay/bin/CMakeFiles/CMakeTmp]
  ignore line: []
  ignore line: [Run Build Command:/usr/bin/make "cmTryCompileExec452273365/fast"]
  ignore line: [/usr/bin/make -f CMakeFiles/cmTryCompileExec452273365.dir/build.make CMakeFiles/cmTryCompileExec452273365.dir/build]
  ignore line: [make[1]: Entering directory `/home/ics45c/projects/Stay/bin/CMakeFiles/CMakeTmp']
  ignore line: [/usr/bin/cmake -E cmake_progress_report /home/ics45c/projects/Stay/bin/CMakeFiles/CMakeTmp/CMakeFiles 1]
  ignore line: [Building C object CMakeFiles/cmTryCompileExec452273365.dir/CMakeCCompilerABI.c.o]
  ignore line: [/usr/bin/clang    -o CMakeFiles/cmTryCompileExec452273365.dir/CMakeCCompilerABI.c.o   -c /usr/share/cmake-2.8/Modules/CMakeCCompilerABI.c]
  ignore line: [Linking C executable cmTryCompileExec452273365]
  ignore line: [/usr/bin/cmake -E cmake_link_script CMakeFiles/cmTryCompileExec452273365.dir/link.txt --verbose=1]
  ignore line: [/usr/bin/clang       -v CMakeFiles/cmTryCompileExec452273365.dir/CMakeCCompilerABI.c.o  -o cmTryCompileExec452273365 -rdynamic  ]
  ignore line: [clang version 3.4 (tags/RELEASE_34/final 198836)]
  ignore line: [Target: i386-pc-linux-gnu]
  ignore line: [Thread model: posix]
  ignore line: [Found candidate GCC installation: /usr/bin/../lib/gcc/i686-linux-gnu/4.8]
  ignore line: [Found candidate GCC installation: /usr/bin/../lib/gcc/i686-linux-gnu/4.8.1]
  ignore line: [Found candidate GCC installation: /usr/lib/gcc/i686-linux-gnu/4.8]
  ignore line: [Found candidate GCC installation: /usr/lib/gcc/i686-linux-gnu/4.8.1]
  ignore line: [Selected GCC installation: /usr/bin/../lib/gcc/i686-linux-gnu/4.8]
  link line: [ "/usr/bin/ld" -export-dynamic -z relro --hash-style=gnu --build-id --eh-frame-hdr -m elf_i386 -dynamic-linker /lib/ld-linux.so.2 -o cmTryCompileExec452273365 /usr/bin/../lib/gcc/i686-linux-gnu/4.8/../../../i386-linux-gnu/crt1.o /usr/bin/../lib/gcc/i686-linux-gnu/4.8/../../../i386-linux-gnu/crti.o /usr/bin/../lib/gcc/i686-linux-gnu/4.8/crtbegin.o -L/usr/bin/../lib/gcc/i686-linux-gnu/4.8 -L/usr/bin/../lib/gcc/i686-linux-gnu/4.8/../../../i386-linux-gnu -L/lib/i386-linux-gnu -L/usr/lib/i386-linux-gnu -L/usr/bin/../lib/gcc/i686-linux-gnu/4.8/../../.. -L/lib -L/usr/lib CMakeFiles/cmTryCompileExec452273365.dir/CMakeCCompilerABI.c.o -lgcc --as-needed -lgcc_s --no-as-needed -lc -lgcc --as-needed -lgcc_s --no-as-needed /usr/bin/../lib/gcc/i686-linux-gnu/4.8/crtend.o /usr/bin/../lib/gcc/i686-linux-gnu/4.8/../../../i386-linux-gnu/crtn.o]
    arg [/usr/bin/ld] ==> ignore
    arg [-export-dynamic] ==> ignore
    arg [-zrelro] ==> ignore
    arg [--hash-style=gnu] ==> ignore
    arg [--build-id] ==> ignore
    arg [--eh-frame-hdr] ==> ignore
    arg [-m] ==> ignore
    arg [elf_i386] ==> ignore
    arg [-dynamic-linker] ==> ignore
    arg [/lib/ld-linux.so.2] ==> ignore
    arg [-o] ==> ignore
    arg [cmTryCompileExec452273365] ==> ignore
    arg [/usr/bin/../lib/gcc/i686-linux-gnu/4.8/../../../i386-linux-gnu/crt1.o] ==> ignore
    arg [/usr/bin/../lib/gcc/i686-linux-gnu/4.8/../../../i386-linux-gnu/crti.o] ==> ignore
    arg [/usr/bin/../lib/gcc/i686-linux-gnu/4.8/crtbegin.o] ==> ignore
    arg [-L/usr/bin/../lib/gcc/i686-linux-gnu/4.8] ==> dir [/usr/bin/../lib/gcc/i686-linux-gnu/4.8]
    arg [-L/usr/bin/../lib/gcc/i686-linux-gnu/4.8/../../../i386-linux-gnu] ==> dir [/usr/bin/../lib/gcc/i686-linux-gnu/4.8/../../../i386-linux-gnu]
    arg [-L/lib/i386-linux-gnu] ==> dir [/lib/i386-linux-gnu]
    arg [-L/usr/lib/i386-linux-gnu] ==> dir [/usr/lib/i386-linux-gnu]
    arg [-L/usr/bin/../lib/gcc/i686-linux-gnu/4.8/../../..] ==> dir [/usr/bin/../lib/gcc/i686-linux-gnu/4.8/../../..]
    arg [-L/lib] ==> dir [/lib]
    arg [-L/usr/lib] ==> dir [/usr/lib]
    arg [CMakeFiles/cmTryCompileExec452273365.dir/CMakeCCompilerABI.c.o] ==> ignore
    arg [-lgcc] ==> lib [gcc]
    arg [--as-needed] ==> ignore
    arg [-lgcc_s] ==> lib [gcc_s]
    arg [--no-as-needed] ==> ignore
    arg [-lc] ==> lib [c]
    arg [-lgcc] ==> lib [gcc]
    arg [--as-needed] ==> ignore
    arg [-lgcc_s] ==> lib [gcc_s]
    arg [--no-as-needed] ==> ignore
    arg [/usr/bin/../lib/gcc/i686-linux-gnu/4.8/crtend.o] ==> ignore
    arg [/usr/bin/../lib/gcc/i686-linux-gnu/4.8/../../../i386-linux-gnu/crtn.o] ==> ignore
  remove lib [gcc]
  remove lib [gcc_s]
  remove lib [gcc]
  remove lib [gcc_s]
  collapse library dir [/usr/bin/../lib/gcc/i686-linux-gnu/4.8] ==> [/usr/lib/gcc/i686-linux-gnu/4.8]
  collapse library dir [/usr/bin/../lib/gcc/i686-linux-gnu/4.8/../../../i386-linux-gnu] ==> [/usr/lib/i386-linux-gnu]
  collapse library dir [/lib/i386-linux-gnu] ==> [/lib/i386-linux-gnu]
  collapse library dir [/usr/lib/i386-linux-gnu] ==> [/usr/lib/i386-linux-gnu]
  collapse library dir [/usr/bin/../lib/gcc/i686-linux-gnu/4.8/../../..] ==> [/usr/lib]
  collapse library dir [/lib] ==> [/lib]
  collapse library dir [/usr/lib] ==> [/usr/lib]
  implicit libs: [c]
  implicit dirs: [/usr/lib/gcc/i686-linux-gnu/4.8;/usr/lib/i386-linux-gnu;/lib/i386-linux-gnu;/usr/lib;/lib]
  implicit fwks: []


Determining if the CXX compiler works passed with the following output:
Change Dir: /home/ics45c/projects/Stay/bin/CMakeFiles/CMakeTmp

Run Build Command:/usr/bin/make "cmTryCompileExec2601842004/fast"
/usr/bin/make -f CMakeFiles/cmTryCompileExec2601842004.dir/build.make CMakeFiles/cmTryCompileExec2601842004.dir/build
make[1]: Entering directory `/home/ics45c/projects/Stay/bin/CMakeFiles/CMakeTmp'
/usr/bin/cmake -E cmake_progress_report /home/ics45c/projects/Stay/bin/CMakeFiles/CMakeTmp/CMakeFiles 1
Building CXX object CMakeFiles/cmTryCompileExec2601842004.dir/testCXXCompiler.cxx.o
/usr/bin/clang++     -o CMakeFiles/cmTryCompileExec2601842004.dir/testCXXCompiler.cxx.o -c /home/ics45c/projects/Stay/bin/CMakeFiles/CMakeTmp/testCXXCompiler.cxx
Linking CXX executable cmTryCompileExec2601842004
/usr/bin/cmake -E cmake_link_script CMakeFiles/cmTryCompileExec2601842004.dir/link.txt --verbose=1
/usr/bin/clang++          CMakeFiles/cmTryCompileExec2601842004.dir/testCXXCompiler.cxx.o  -o cmTryCompileExec2601842004 -rdynamic 
make[1]: Leaving directory `/home/ics45c/projects/Stay/bin/CMakeFiles/CMakeTmp'


Detecting CXX compiler ABI info compiled with the following output:
Change Dir: /home/ics45c/projects/Stay/bin/CMakeFiles/CMakeTmp

Run Build Command:/usr/bin/make "cmTryCompileExec2520262907/fast"
/usr/bin/make -f CMakeFiles/cmTryCompileExec2520262907.dir/build.make CMakeFiles/cmTryCompileExec2520262907.dir/build
make[1]: Entering directory `/home/ics45c/projects/Stay/bin/CMakeFiles/CMakeTmp'
/usr/bin/cmake -E cmake_progress_report /home/ics45c/projects/Stay/bin/CMakeFiles/CMakeTmp/CMakeFiles 1
Building CXX object CMakeFiles/cmTryCompileExec2520262907.dir/CMakeCXXCompilerABI.cpp.o
/usr/bin/clang++     -o CMakeFiles/cmTryCompileExec2520262907.dir/CMakeCXXCompilerABI.cpp.o -c /usr/share/cmake-2.8/Modules/CMakeCXXCompilerABI.cpp
Linking CXX executable cmTryCompileExec2520262907
/usr/bin/cmake -E cmake_link_script CMakeFiles/cmTryCompileExec2520262907.dir/link.txt --verbose=1
/usr/bin/clang++        -v CMakeFiles/cmTryCompileExec2520262907.dir/CMakeCXXCompilerABI.cpp.o  -o cmTryCompileExec2520262907 -rdynamic  
clang version 3.4 (tags/RELEASE_34/final 198836)
Target: i386-pc-linux-gnu
Thread model: posix
Found candidate GCC installation: /usr/bin/../lib/gcc/i686-linux-gnu/4.8
Found candidate GCC installation: /usr/bin/../lib/gcc/i686-linux-gnu/4.8.1
Found candidate GCC installation: /usr/lib/gcc/i686-linux-gnu/4.8
Found candidate GCC installation: /usr/lib/gcc/i686-linux-gnu/4.8.1
Selected GCC installation: /usr/bin/../lib/gcc/i686-linux-gnu/4.8
 "/usr/bin/ld" -export-dynamic -z relro --hash-style=gnu --build-id --eh-frame-hdr -m elf_i386 -dynamic-linker /lib/ld-linux.so.2 -o cmTryCompileExec2520262907 /usr/bin/../lib/gcc/i686-linux-gnu/4.8/../../../i386-linux-gnu/crt1.o /usr/bin/../lib/gcc/i686-linux-gnu/4.8/../../../i386-linux-gnu/crti.o /usr/bin/../lib/gcc/i686-linux-gnu/4.8/crtbegin.o -L/usr/bin/../lib/gcc/i686-linux-gnu/4.8 -L/usr/bin/../lib/gcc/i686-linux-gnu/4.8/../../../i386-linux-gnu -L/lib/i386-linux-gnu -L/usr/lib/i386-linux-gnu -L/usr/bin/../lib/gcc/i686-linux-gnu/4.8/../../.. -L/lib -L/usr/lib CMakeFiles/cmTryCompileExec2520262907.dir/CMakeCXXCompilerABI.cpp.o -lstdc++ -lm -lgcc_s -lgcc -lc -lgcc_s -lgcc /usr/bin/../lib/gcc/i686-linux-gnu/4.8/crtend.o /usr/bin/../lib/gcc/i686-linux-gnu/4.8/../../../i386-linux-gnu/crtn.o
make[1]: Leaving directory `/home/ics45c/projects/Stay/bin/CMakeFiles/CMakeTmp'


Parsed CXX implicit link information from above output:
  link line regex: [^( *|.*[/\])(ld|ld|collect2)[^/\]*( |$)]
  ignore line: [Change Dir: /home/ics45c/projects/Stay/bin/CMakeFiles/CMakeTmp]
  ignore line: []
  ignore line: [Run Build Command:/usr/bin/make "cmTryCompileExec2520262907/fast"]
  ignore line: [/usr/bin/make -f CMakeFiles/cmTryCompileExec2520262907.dir/build.make CMakeFiles/cmTryCompileExec2520262907.dir/build]
  ignore line: [make[1]: Entering directory `/home/ics45c/projects/Stay/bin/CMakeFiles/CMakeTmp']
  ignore line: [/usr/bin/cmake -E cmake_progress_report /home/ics45c/projects/Stay/bin/CMakeFiles/CMakeTmp/CMakeFiles 1]
  ignore line: [Building CXX object CMakeFiles/cmTryCompileExec2520262907.dir/CMakeCXXCompilerABI.cpp.o]
  ignore line: [/usr/bin/clang++     -o CMakeFiles/cmTryCompileExec2520262907.dir/CMakeCXXCompilerABI.cpp.o -c /usr/share/cmake-2.8/Modules/CMakeCXXCompilerABI.cpp]
  ignore line: [Linking CXX executable cmTryCompileExec2520262907]
  ignore line: [/usr/bin/cmake -E cmake_link_script CMakeFiles/cmTryCompileExec2520262907.dir/link.txt --verbose=1]
  ignore line: [/usr/bin/clang++        -v CMakeFiles/cmTryCompileExec2520262907.dir/CMakeCXXCompilerABI.cpp.o  -o cmTryCompileExec2520262907 -rdynamic  ]
  ignore line: [clang version 3.4 (tags/RELEASE_34/final 198836)]
  ignore line: [Target: i386-pc-linux-gnu]
  ignore line: [Thread model: posix]
  ignore line: [Found candidate GCC installation: /usr/bin/../lib/gcc/i686-linux-gnu/4.8]
  ignore line: [Found candidate GCC installation: /usr/bin/../lib/gcc/i686-linux-gnu/4.8.1]
  ignore line: [Found candidate GCC installation: /usr/lib/gcc/i686-linux-gnu/4.8]
  ignore line: [Found candidate GCC installation: /usr/lib/gcc/i686-linux-gnu/4.8.1]
  ignore line: [Selected GCC installation: /usr/bin/../lib/gcc/i686-linux-gnu/4.8]
  link line: [ "/usr/bin/ld" -export-dynamic -z relro --hash-style=gnu --build-id --eh-frame-hdr -m elf_i386 -dynamic-linker /lib/ld-linux.so.2 -o cmTryCompileExec2520262907 /usr/bin/../lib/gcc/i686-linux-gnu/4.8/../../../i386-linux-gnu/crt1.o /usr/bin/../lib/gcc/i686-linux-gnu/4.8/../../../i386-linux-gnu/crti.o /usr/bin/../lib/gcc/i686-linux-gnu/4.8/crtbegin.o -L/usr/bin/../lib/gcc/i686-linux-gnu/4.8 -L/usr/bin/../lib/gcc/i686-linux-gnu/4.8/../../../i386-linux-gnu -L/lib/i386-linux-gnu -L/usr/lib/i386-linux-gnu -L/usr/bin/../lib/gcc/i686-linux-gnu/4.8/../../.. -L/lib -L/usr/lib CMakeFiles/cmTryCompileExec2520262907.dir/CMakeCXXCompilerABI.cpp.o -lstdc++ -lm -lgcc_s -lgcc -lc -lgcc_s -lgcc /usr/bin/../lib/gcc/i686-linux-gnu/4.8/crtend.o /usr/bin/../lib/gcc/i686-linux-gnu/4.8/../../../i386-linux-gnu/crtn.o]
    arg [/usr/bin/ld] ==> ignore
    arg [-export-dynamic] ==> ignore
    arg [-zrelro] ==> ignore
    arg [--hash-style=gnu] ==> ignore
    arg [--build-id] ==> ignore
    arg [--eh-frame-hdr] ==> ignore
    arg [-m] ==> ignore
    arg [elf_i386] ==> ignore
    arg [-dynamic-linker] ==> ignore
    arg [/lib/ld-linux.so.2] ==> ignore
    arg [-o] ==> ignore
    arg [cmTryCompileExec2520262907] ==> ignore
    arg [/usr/bin/../lib/gcc/i686-linux-gnu/4.8/../../../i386-linux-gnu/crt1.o] ==> ignore
    arg [/usr/bin/../lib/gcc/i686-linux-gnu/4.8/../../../i386-linux-gnu/crti.o] ==> ignore
    arg [/usr/bin/../lib/gcc/i686-linux-gnu/4.8/crtbegin.o] ==> ignore
    arg [-L/usr/bin/../lib/gcc/i686-linux-gnu/4.8] ==> dir [/usr/bin/../lib/gcc/i686-linux-gnu/4.8]
    arg [-L/usr/bin/../lib/gcc/i686-linux-gnu/4.8/../../../i386-linux-gnu] ==> dir [/usr/bin/../lib/gcc/i686-linux-gnu/4.8/../../../i386-linux-gnu]
    arg [-L/lib/i386-linux-gnu] ==> dir [/lib/i386-linux-gnu]
    arg [-L/usr/lib/i386-linux-gnu] ==> dir [/usr/lib/i386-linux-gnu]
    arg [-L/usr/bin/../lib/gcc/i686-linux-gnu/4.8/../../..] ==> dir [/usr/bin/../lib/gcc/i686-linux-gnu/4.8/../../..]
    arg [-L/lib] ==> dir [/lib]
    arg [-L/usr/lib] ==> dir [/usr/lib]
    arg [CMakeFiles/cmTryCompileExec2520262907.dir/CMakeCXXCompilerABI.cpp.o] ==> ignore
    arg [-lstdc++] ==> lib [stdc++]
    arg [-lm] ==> lib [m]
    arg [-lgcc_s] ==> lib [gcc_s]
    arg [-lgcc] ==> lib [gcc]
    arg [-lc] ==> lib [c]
    arg [-lgcc_s] ==> lib [gcc_s]
    arg [-lgcc] ==> lib [gcc]
    arg [/usr/bin/../lib/gcc/i686-linux-gnu/4.8/crtend.o] ==> ignore
    arg [/usr/bin/../lib/gcc/i686-linux-gnu/4.8/../../../i386-linux-gnu/crtn.o] ==> ignore
  remove lib [gcc_s]
  remove lib [gcc]
  remove lib [gcc_s]
  remove lib [gcc]
  collapse library dir [/usr/bin/../lib/gcc/i686-linux-gnu/4.8] ==> [/usr/lib/gcc/i686-linux-gnu/4.8]
  collapse library dir [/usr/bin/../lib/gcc/i686-linux-gnu/4.8/../../../i386-linux-gnu] ==> [/usr/lib/i386-linux-gnu]
  collapse library dir [/lib/i386-linux-gnu] ==> [/lib/i386-linux-gnu]
  collapse library dir [/usr/lib/i386-linux-gnu] ==> [/usr/lib/i386-linux-gnu]
  collapse library dir [/usr/bin/../lib/gcc/i686-linux-gnu/4.8/../../..] ==> [/usr/lib]
  collapse library dir [/lib] ==> [/lib]
  collapse library dir [/usr/lib] ==> [/usr/lib]
  implicit libs: [stdc++;m;c]
  implicit dirs: [/usr/lib/gcc/i686-linux-gnu/4.8;/usr/lib/i386-linux-gnu;/lib/i386-linux-gnu;/usr/lib;/lib]
  implicit fwks: []


